C51 COMPILER V9.54   I2C                                                                   01/16/2018 17:31:48 PAGE 1   


C51 COMPILER V9.54, COMPILATION OF MODULE I2C
OBJECT MODULE PLACED IN .\Objects\i2c.obj
COMPILER INVOKED BY: D:\Keil_v5\C51\BIN\C51.EXE i2c.c OPTIMIZE(8,SPEED) BROWSE DEBUG OBJECTEXTEND PRINT(.\Listings\i2c.l
                    -st) OBJECT(.\Objects\i2c.obj)

line level    source

   1          #include "i2c.h"
   2          
   3          void i2cDev_Create(i2cDev *this, uint8_t sda, uint8_t scl)
   4          {
   5   1              this->sda = sda;
   6   1              this->scl = scl;
   7   1              digitalWrite(this->sda, HIGH);
   8   1              digitalWrite(this->scl, HIGH);
   9   1      }
  10          
  11          void i2cDev_Start(i2cDev *this)
  12          {
  13   1              digitalWrite(this->sda, HIGH);
  14   1              digitalWrite(this->scl, HIGH);
  15   1              
  16   1              digitalWrite(this->sda, LOW);
  17   1              digitalWrite(this->scl, LOW);
  18   1      }
  19          
  20          void i2cDev_Stop(i2cDev *this)
  21          {
  22   1              digitalWrite(this->sda, LOW);
  23   1              digitalWrite(this->scl, HIGH);
  24   1              digitalWrite(this->sda, HIGH);
  25   1      }
  26          
  27          void i2cDev_WriteByte(i2cDev *this, uint8_t byte)
  28          {
  29   1              uint8_t loop;
  30   1              for (loop = 0; loop < 8; ++loop)
  31   1              {
  32   2                      digitalWrite(this->sda, (byte & 0x80) != 0);
  33   2                      digitalWrite(this->scl, HIGH);
  34   2                      digitalWrite(this->sda, LOW);
  35   2                      byte <<= 1;
  36   2              }
  37   1      }
  38          
  39          uint8_t i2cDev_ReadByte(i2cDev *this)
  40          {
  41   1              uint8_t byte = 0;
  42   1              uint8_t loop;
  43   1              
  44   1              for (loop = 0; loop < 8; ++loop) {
  45   2                      digitalWrite(this->sda, HIGH);
  46   2                      digitalWrite(this->scl, HIGH);
  47   2                      byte = (byte << 1) | digitalRead(this->sda);
  48   2                      digitalWrite(this->scl, LOW);
  49   2              }
  50   1      
  51   1        return byte;
  52   1      }
  53          
  54          
C51 COMPILER V9.54   I2C                                                                   01/16/2018 17:31:48 PAGE 2   



MODULE INFORMATION:   STATIC OVERLAYABLE
   CODE SIZE        =    343    ----
   CONSTANT SIZE    =   ----    ----
   XDATA SIZE       =   ----    ----
   PDATA SIZE       =   ----    ----
   DATA SIZE        =   ----      21
   IDATA SIZE       =   ----    ----
   BIT SIZE         =   ----    ----
END OF MODULE INFORMATION.


C51 COMPILATION COMPLETE.  0 WARNING(S),  0 ERROR(S)
